/home/ycliu/anaconda3/envs/spam/lib/python3.7/site-packages/joblib/_multiprocessing_helpers.py:45: UserWarning: [Errno 13] Permission denied.  joblib will operate in serial mode
  warnings.warn('%s.  joblib will operate in serial mode' % (e,))
/home/ycliu/anaconda3/envs/spam/lib/python3.7/site-packages/sklearn/semi_supervised/_label_propagation.py:205: RuntimeWarning: invalid value encountered in true_divide
  probabilities /= normalizer
Runing time is (mins): 0.1
Runing time is (mins): 0.1
(1861,)
(1861,)
Time:(min)  0.47520880831677154
/home/ycliu/anaconda3/envs/spam/lib/python3.7/site-packages/joblib/_multiprocessing_helpers.py:45: UserWarning: [Errno 13] Permission denied.  joblib will operate in serial mode
  warnings.warn('%s.  joblib will operate in serial mode' % (e,))
(1237, 8)
(1861, 8)
Label Model Accuracy:     55.6%
SNO

Accuracy: 0.56

Macro Precision: 0.49
Macro Recall: 0.45
Macro F1-score: 0.44

Maj

Accuracy: 0.67

Macro Precision: 0.41
Macro Recall: 0.58
Macro F1-score: 0.41

rf_pred

Accuracy: 0.70

Macro Precision: 0.66
Macro Recall: 0.69
Macro F1-score: 0.67

semi

Accuracy: 0.54

Macro Precision: 0.33
Macro Recall: 0.33
Macro F1-score: 0.32

wk_2_test update done
/home/ycliu/anaconda3/envs/spam/lib/python3.7/site-packages/joblib/_multiprocessing_helpers.py:45: UserWarning: [Errno 13] Permission denied.  joblib will operate in serial mode
  warnings.warn('%s.  joblib will operate in serial mode' % (e,))
/home/ycliu/anaconda3/envs/spam/lib/python3.7/site-packages/sklearn/semi_supervised/_label_propagation.py:205: RuntimeWarning: invalid value encountered in true_divide
  probabilities /= normalizer
Runing time is (mins): 0.1
Runing time is (mins): 0.1
(1861,)
(1861,)
Time:(min)  0.48519034765001073
/home/ycliu/anaconda3/envs/spam/lib/python3.7/site-packages/joblib/_multiprocessing_helpers.py:45: UserWarning: [Errno 13] Permission denied.  joblib will operate in serial mode
  warnings.warn('%s.  joblib will operate in serial mode' % (e,))
(1237, 8)
(1861, 8)
Label Model Accuracy:     59.0%
SNO

Accuracy: 0.59

Macro Precision: 0.53
Macro Recall: 0.47
Macro F1-score: 0.49

Maj

Accuracy: 0.69

Macro Precision: 0.45
Macro Recall: 0.65
Macro F1-score: 0.46

rf_pred

Accuracy: 0.72

Macro Precision: 0.69
Macro Recall: 0.70
Macro F1-score: 0.69

semi

Accuracy: 0.56

Macro Precision: 0.34
Macro Recall: 0.35
Macro F1-score: 0.33

wk_2_test update done
/home/ycliu/anaconda3/envs/spam/lib/python3.7/site-packages/joblib/_multiprocessing_helpers.py:45: UserWarning: [Errno 13] Permission denied.  joblib will operate in serial mode
  warnings.warn('%s.  joblib will operate in serial mode' % (e,))
/home/ycliu/anaconda3/envs/spam/lib/python3.7/site-packages/sklearn/semi_supervised/_label_propagation.py:205: RuntimeWarning: invalid value encountered in true_divide
  probabilities /= normalizer
Runing time is (mins): 0.1
Runing time is (mins): 0.1
(1861,)
(1861,)
Time:(min)  0.4588838450513625
/home/ycliu/anaconda3/envs/spam/lib/python3.7/site-packages/joblib/_multiprocessing_helpers.py:45: UserWarning: [Errno 13] Permission denied.  joblib will operate in serial mode
  warnings.warn('%s.  joblib will operate in serial mode' % (e,))
(1237, 8)
(1861, 8)
Label Model Accuracy:     56.6%
SNO

Accuracy: 0.57

Macro Precision: 0.44
Macro Recall: 0.45
Macro F1-score: 0.43

Maj

Accuracy: 0.67

Macro Precision: 0.42
Macro Recall: 0.59
Macro F1-score: 0.42

rf_pred

Accuracy: 0.79

Macro Precision: 0.71
Macro Recall: 0.78
Macro F1-score: 0.73

semi

Accuracy: 0.56

Macro Precision: 0.35
Macro Recall: 0.35
Macro F1-score: 0.34

wk_2_test update done
/home/ycliu/anaconda3/envs/spam/lib/python3.7/site-packages/joblib/_multiprocessing_helpers.py:45: UserWarning: [Errno 13] Permission denied.  joblib will operate in serial mode
  warnings.warn('%s.  joblib will operate in serial mode' % (e,))
/home/ycliu/anaconda3/envs/spam/lib/python3.7/site-packages/sklearn/semi_supervised/_label_propagation.py:205: RuntimeWarning: invalid value encountered in true_divide
  probabilities /= normalizer
Runing time is (mins): 0.1
Runing time is (mins): 0.1
(1861,)
(1861,)
Time:(min)  0.4844216691000232
/home/ycliu/anaconda3/envs/spam/lib/python3.7/site-packages/joblib/_multiprocessing_helpers.py:45: UserWarning: [Errno 13] Permission denied.  joblib will operate in serial mode
  warnings.warn('%s.  joblib will operate in serial mode' % (e,))
(1237, 8)
(1861, 8)
Label Model Accuracy:     38.8%
SNO

Accuracy: 0.39

Macro Precision: 0.41
Macro Recall: 0.49
Macro F1-score: 0.37

Maj

Accuracy: 0.69

Macro Precision: 0.45
Macro Recall: 0.70
Macro F1-score: 0.46

rf_pred

Accuracy: 0.76

Macro Precision: 0.72
Macro Recall: 0.73
Macro F1-score: 0.73

semi

Accuracy: 0.56

Macro Precision: 0.35
Macro Recall: 0.36
Macro F1-score: 0.34

wk_2_test update done
/home/ycliu/anaconda3/envs/spam/lib/python3.7/site-packages/joblib/_multiprocessing_helpers.py:45: UserWarning: [Errno 13] Permission denied.  joblib will operate in serial mode
  warnings.warn('%s.  joblib will operate in serial mode' % (e,))
/home/ycliu/anaconda3/envs/spam/lib/python3.7/site-packages/sklearn/semi_supervised/_label_propagation.py:205: RuntimeWarning: invalid value encountered in true_divide
  probabilities /= normalizer
Runing time is (mins): 0.1
Runing time is (mins): 0.1
(1861,)
(1861,)
Time:(min)  0.45540537253255026
/home/ycliu/anaconda3/envs/spam/lib/python3.7/site-packages/joblib/_multiprocessing_helpers.py:45: UserWarning: [Errno 13] Permission denied.  joblib will operate in serial mode
  warnings.warn('%s.  joblib will operate in serial mode' % (e,))
(1237, 8)
(1861, 8)
Label Model Accuracy:     54.9%
SNO

Accuracy: 0.55

Macro Precision: 0.41
Macro Recall: 0.45
Macro F1-score: 0.42

Maj

Accuracy: 0.69

Macro Precision: 0.44
Macro Recall: 0.68
Macro F1-score: 0.45

rf_pred

Accuracy: 0.72

Macro Precision: 0.65
Macro Recall: 0.70
Macro F1-score: 0.68

semi

Accuracy: 0.54

Macro Precision: 0.32
Macro Recall: 0.32
Macro F1-score: 0.31

wk_2_test update done
/home/ycliu/anaconda3/envs/spam/lib/python3.7/site-packages/joblib/_multiprocessing_helpers.py:45: UserWarning: [Errno 13] Permission denied.  joblib will operate in serial mode
  warnings.warn('%s.  joblib will operate in serial mode' % (e,))
/home/ycliu/anaconda3/envs/spam/lib/python3.7/site-packages/sklearn/semi_supervised/_label_propagation.py:205: RuntimeWarning: invalid value encountered in true_divide
  probabilities /= normalizer
Runing time is (mins): 0.1
Runing time is (mins): 0.1
(1861,)
(1861,)
Time:(min)  0.4788675607337306
/home/ycliu/anaconda3/envs/spam/lib/python3.7/site-packages/joblib/_multiprocessing_helpers.py:45: UserWarning: [Errno 13] Permission denied.  joblib will operate in serial mode
  warnings.warn('%s.  joblib will operate in serial mode' % (e,))
(1237, 8)
(1861, 8)
Label Model Accuracy:     56.5%
SNO

Accuracy: 0.56

Macro Precision: 0.43
Macro Recall: 0.44
Macro F1-score: 0.43

Maj

Accuracy: 0.68

Macro Precision: 0.44
Macro Recall: 0.65
Macro F1-score: 0.45

rf_pred

Accuracy: 0.74

Macro Precision: 0.69
Macro Recall: 0.74
Macro F1-score: 0.71

semi

Accuracy: 0.54

Macro Precision: 0.33
Macro Recall: 0.34
Macro F1-score: 0.32

wk_2_test update done
/home/ycliu/anaconda3/envs/spam/lib/python3.7/site-packages/joblib/_multiprocessing_helpers.py:45: UserWarning: [Errno 13] Permission denied.  joblib will operate in serial mode
  warnings.warn('%s.  joblib will operate in serial mode' % (e,))
/home/ycliu/anaconda3/envs/spam/lib/python3.7/site-packages/sklearn/semi_supervised/_label_propagation.py:205: RuntimeWarning: invalid value encountered in true_divide
  probabilities /= normalizer
Runing time is (mins): 0.1
Runing time is (mins): 0.1
(1861,)
(1861,)
Time:(min)  0.45788544221625976
/home/ycliu/anaconda3/envs/spam/lib/python3.7/site-packages/joblib/_multiprocessing_helpers.py:45: UserWarning: [Errno 13] Permission denied.  joblib will operate in serial mode
  warnings.warn('%s.  joblib will operate in serial mode' % (e,))
(1237, 8)
(1861, 8)
Label Model Accuracy:     37.1%
SNO

Accuracy: 0.37

Macro Precision: 0.40
Macro Recall: 0.45
Macro F1-score: 0.35

Maj

Accuracy: 0.68

Macro Precision: 0.44
Macro Recall: 0.65
Macro F1-score: 0.45

rf_pred

Accuracy: 0.74

Macro Precision: 0.68
Macro Recall: 0.72
Macro F1-score: 0.70

semi

Accuracy: 0.56

Macro Precision: 0.34
Macro Recall: 0.34
Macro F1-score: 0.33

wk_2_test update done
/home/ycliu/anaconda3/envs/spam/lib/python3.7/site-packages/joblib/_multiprocessing_helpers.py:45: UserWarning: [Errno 13] Permission denied.  joblib will operate in serial mode
  warnings.warn('%s.  joblib will operate in serial mode' % (e,))
/home/ycliu/anaconda3/envs/spam/lib/python3.7/site-packages/sklearn/semi_supervised/_label_propagation.py:205: RuntimeWarning: invalid value encountered in true_divide
  probabilities /= normalizer
Runing time is (mins): 0.1
Runing time is (mins): 0.1
(1861,)
(1861,)
Time:(min)  0.47958192928344945
/home/ycliu/anaconda3/envs/spam/lib/python3.7/site-packages/joblib/_multiprocessing_helpers.py:45: UserWarning: [Errno 13] Permission denied.  joblib will operate in serial mode
  warnings.warn('%s.  joblib will operate in serial mode' % (e,))
(1237, 8)
(1861, 8)
Label Model Accuracy:     56.4%
SNO

Accuracy: 0.56

Macro Precision: 0.52
Macro Recall: 0.45
Macro F1-score: 0.47

Maj

Accuracy: 0.68

Macro Precision: 0.44
Macro Recall: 0.63
Macro F1-score: 0.44

rf_pred

Accuracy: 0.74

Macro Precision: 0.70
Macro Recall: 0.72
Macro F1-score: 0.71

semi

Accuracy: 0.56

Macro Precision: 0.34
Macro Recall: 0.35
Macro F1-score: 0.33

wk_2_test update done
/home/ycliu/anaconda3/envs/spam/lib/python3.7/site-packages/joblib/_multiprocessing_helpers.py:45: UserWarning: [Errno 13] Permission denied.  joblib will operate in serial mode
  warnings.warn('%s.  joblib will operate in serial mode' % (e,))
/home/ycliu/anaconda3/envs/spam/lib/python3.7/site-packages/sklearn/semi_supervised/_label_propagation.py:205: RuntimeWarning: invalid value encountered in true_divide
  probabilities /= normalizer
Runing time is (mins): 0.1
Runing time is (mins): 0.1
(1861,)
(1861,)
Time:(min)  0.4789579117496032
/home/ycliu/anaconda3/envs/spam/lib/python3.7/site-packages/joblib/_multiprocessing_helpers.py:45: UserWarning: [Errno 13] Permission denied.  joblib will operate in serial mode
  warnings.warn('%s.  joblib will operate in serial mode' % (e,))
(1237, 8)
(1861, 8)
Label Model Accuracy:     57.7%
SNO

Accuracy: 0.58

Macro Precision: 0.42
Macro Recall: 0.44
Macro F1-score: 0.43

Maj

Accuracy: 0.67

Macro Precision: 0.43
Macro Recall: 0.62
Macro F1-score: 0.44

rf_pred

Accuracy: 0.74

Macro Precision: 0.69
Macro Recall: 0.71
Macro F1-score: 0.70

semi

Accuracy: 0.56

Macro Precision: 0.35
Macro Recall: 0.36
Macro F1-score: 0.34

wk_2_test update done
/home/ycliu/anaconda3/envs/spam/lib/python3.7/site-packages/joblib/_multiprocessing_helpers.py:45: UserWarning: [Errno 13] Permission denied.  joblib will operate in serial mode
  warnings.warn('%s.  joblib will operate in serial mode' % (e,))
/home/ycliu/anaconda3/envs/spam/lib/python3.7/site-packages/sklearn/semi_supervised/_label_propagation.py:205: RuntimeWarning: invalid value encountered in true_divide
  probabilities /= normalizer
Runing time is (mins): 0.1
Runing time is (mins): 0.1
(1861,)
(1861,)
Time:(min)  0.4636463875998743
/home/ycliu/anaconda3/envs/spam/lib/python3.7/site-packages/joblib/_multiprocessing_helpers.py:45: UserWarning: [Errno 13] Permission denied.  joblib will operate in serial mode
  warnings.warn('%s.  joblib will operate in serial mode' % (e,))
(1237, 8)
(1861, 8)
Label Model Accuracy:     57.2%
SNO

Accuracy: 0.57

Macro Precision: 0.42
Macro Recall: 0.44
Macro F1-score: 0.43

Maj

Accuracy: 0.69

Macro Precision: 0.44
Macro Recall: 0.67
Macro F1-score: 0.45

rf_pred

Accuracy: 0.79

Macro Precision: 0.69
Macro Recall: 0.80
Macro F1-score: 0.73

semi

Accuracy: 0.55

Macro Precision: 0.33
Macro Recall: 0.33
Macro F1-score: 0.32

wk_2_test update done
Runing time is mins: 5.7
