/home/ycliu/anaconda3/envs/spam/lib/python3.7/site-packages/joblib/_multiprocessing_helpers.py:45: UserWarning: [Errno 13] Permission denied.  joblib will operate in serial mode
  warnings.warn('%s.  joblib will operate in serial mode' % (e,))
/home/ycliu/anaconda3/envs/spam/lib/python3.7/site-packages/sklearn/semi_supervised/_label_propagation.py:205: RuntimeWarning: invalid value encountered in true_divide
  probabilities /= normalizer
Runing time is (mins): 0.06
Runing time is (mins): 0.05
(2480,)
(2480,)
Time:(min)  0.36809052439833373
/home/ycliu/anaconda3/envs/spam/lib/python3.7/site-packages/joblib/_multiprocessing_helpers.py:45: UserWarning: [Errno 13] Permission denied.  joblib will operate in serial mode
  warnings.warn('%s.  joblib will operate in serial mode' % (e,))
(618, 8)
(2480, 8)
Label Model Accuracy:     56.2%
SNO

Accuracy: 0.56

Macro Precision: 0.51
Macro Recall: 0.45
Macro F1-score: 0.44

Maj

Accuracy: 0.68

Macro Precision: 0.42
Macro Recall: 0.65
Macro F1-score: 0.41

rf_pred

Accuracy: 0.72

Macro Precision: 0.63
Macro Recall: 0.69
Macro F1-score: 0.66

semi

Accuracy: 0.57

Macro Precision: 0.33
Macro Recall: 0.32
Macro F1-score: 0.30

wk_2_test update done
/home/ycliu/anaconda3/envs/spam/lib/python3.7/site-packages/joblib/_multiprocessing_helpers.py:45: UserWarning: [Errno 13] Permission denied.  joblib will operate in serial mode
  warnings.warn('%s.  joblib will operate in serial mode' % (e,))
/home/ycliu/anaconda3/envs/spam/lib/python3.7/site-packages/sklearn/semi_supervised/_label_propagation.py:205: RuntimeWarning: invalid value encountered in true_divide
  probabilities /= normalizer
Runing time is (mins): 0.05
Runing time is (mins): 0.05
(2480,)
(2480,)
Time:(min)  0.3886848384339828
/home/ycliu/anaconda3/envs/spam/lib/python3.7/site-packages/joblib/_multiprocessing_helpers.py:45: UserWarning: [Errno 13] Permission denied.  joblib will operate in serial mode
  warnings.warn('%s.  joblib will operate in serial mode' % (e,))
(618, 8)
(2480, 8)
Label Model Accuracy:     50.8%
SNO

Accuracy: 0.51

Macro Precision: 0.35
Macro Recall: 0.40
Macro F1-score: 0.37

Maj

Accuracy: 0.67

Macro Precision: 0.41
Macro Recall: 0.59
Macro F1-score: 0.40

rf_pred

Accuracy: 0.75

Macro Precision: 0.63
Macro Recall: 0.72
Macro F1-score: 0.65

semi

Accuracy: 0.58

Macro Precision: 0.34
Macro Recall: 0.35
Macro F1-score: 0.32

wk_2_test update done
/home/ycliu/anaconda3/envs/spam/lib/python3.7/site-packages/joblib/_multiprocessing_helpers.py:45: UserWarning: [Errno 13] Permission denied.  joblib will operate in serial mode
  warnings.warn('%s.  joblib will operate in serial mode' % (e,))
/home/ycliu/anaconda3/envs/spam/lib/python3.7/site-packages/sklearn/semi_supervised/_label_propagation.py:205: RuntimeWarning: invalid value encountered in true_divide
  probabilities /= normalizer
Runing time is (mins): 0.05
Runing time is (mins): 0.05
(2480,)
(2480,)
Time:(min)  0.367057043366367
/home/ycliu/anaconda3/envs/spam/lib/python3.7/site-packages/joblib/_multiprocessing_helpers.py:45: UserWarning: [Errno 13] Permission denied.  joblib will operate in serial mode
  warnings.warn('%s.  joblib will operate in serial mode' % (e,))
(618, 8)
(2480, 8)
Label Model Accuracy:     56.7%
SNO

Accuracy: 0.57

Macro Precision: 0.39
Macro Recall: 0.41
Macro F1-score: 0.40

Maj

Accuracy: 0.67

Macro Precision: 0.41
Macro Recall: 0.62
Macro F1-score: 0.40

rf_pred

Accuracy: 0.71

Macro Precision: 0.62
Macro Recall: 0.68
Macro F1-score: 0.64

semi

Accuracy: 0.56

Macro Precision: 0.32
Macro Recall: 0.32
Macro F1-score: 0.30

wk_2_test update done
/home/ycliu/anaconda3/envs/spam/lib/python3.7/site-packages/joblib/_multiprocessing_helpers.py:45: UserWarning: [Errno 13] Permission denied.  joblib will operate in serial mode
  warnings.warn('%s.  joblib will operate in serial mode' % (e,))
/home/ycliu/anaconda3/envs/spam/lib/python3.7/site-packages/sklearn/semi_supervised/_label_propagation.py:205: RuntimeWarning: invalid value encountered in true_divide
  probabilities /= normalizer
Runing time is (mins): 0.05
Runing time is (mins): 0.05
(2480,)
(2480,)
Time:(min)  0.35856558463225763
/home/ycliu/anaconda3/envs/spam/lib/python3.7/site-packages/joblib/_multiprocessing_helpers.py:45: UserWarning: [Errno 13] Permission denied.  joblib will operate in serial mode
  warnings.warn('%s.  joblib will operate in serial mode' % (e,))
(618, 8)
(2480, 8)
Label Model Accuracy:     49.0%
SNO

Accuracy: 0.49

Macro Precision: 0.34
Macro Recall: 0.39
Macro F1-score: 0.36

Maj

Accuracy: 0.67

Macro Precision: 0.42
Macro Recall: 0.59
Macro F1-score: 0.41

rf_pred

Accuracy: 0.68

Macro Precision: 0.63
Macro Recall: 0.67
Macro F1-score: 0.64

semi

Accuracy: 0.56

Macro Precision: 0.34
Macro Recall: 0.33
Macro F1-score: 0.32

wk_2_test update done
/home/ycliu/anaconda3/envs/spam/lib/python3.7/site-packages/joblib/_multiprocessing_helpers.py:45: UserWarning: [Errno 13] Permission denied.  joblib will operate in serial mode
  warnings.warn('%s.  joblib will operate in serial mode' % (e,))
/home/ycliu/anaconda3/envs/spam/lib/python3.7/site-packages/sklearn/semi_supervised/_label_propagation.py:205: RuntimeWarning: invalid value encountered in true_divide
  probabilities /= normalizer
Runing time is (mins): 0.05
Runing time is (mins): 0.05
(2480,)
(2480,)
Time:(min)  0.34631766511593015
/home/ycliu/anaconda3/envs/spam/lib/python3.7/site-packages/joblib/_multiprocessing_helpers.py:45: UserWarning: [Errno 13] Permission denied.  joblib will operate in serial mode
  warnings.warn('%s.  joblib will operate in serial mode' % (e,))
(618, 8)
(2480, 8)
Label Model Accuracy:     59.1%
SNO

Accuracy: 0.59

Macro Precision: 0.50
Macro Recall: 0.46
Macro F1-score: 0.47

Maj

Accuracy: 0.67

Macro Precision: 0.40
Macro Recall: 0.60
Macro F1-score: 0.40

rf_pred

Accuracy: 0.77

Macro Precision: 0.64
Macro Recall: 0.77
Macro F1-score: 0.67

semi

Accuracy: 0.57

Macro Precision: 0.33
Macro Recall: 0.34
Macro F1-score: 0.31

wk_2_test update done
/home/ycliu/anaconda3/envs/spam/lib/python3.7/site-packages/joblib/_multiprocessing_helpers.py:45: UserWarning: [Errno 13] Permission denied.  joblib will operate in serial mode
  warnings.warn('%s.  joblib will operate in serial mode' % (e,))
/home/ycliu/anaconda3/envs/spam/lib/python3.7/site-packages/sklearn/semi_supervised/_label_propagation.py:205: RuntimeWarning: invalid value encountered in true_divide
  probabilities /= normalizer
Runing time is (mins): 0.05
Runing time is (mins): 0.05
(2480,)
(2480,)
Time:(min)  0.3603153493158364
/home/ycliu/anaconda3/envs/spam/lib/python3.7/site-packages/joblib/_multiprocessing_helpers.py:45: UserWarning: [Errno 13] Permission denied.  joblib will operate in serial mode
  warnings.warn('%s.  joblib will operate in serial mode' % (e,))
(618, 8)
(2480, 8)
Label Model Accuracy:     56.5%
SNO

Accuracy: 0.56

Macro Precision: 0.39
Macro Recall: 0.41
Macro F1-score: 0.40

Maj

Accuracy: 0.67

Macro Precision: 0.42
Macro Recall: 0.64
Macro F1-score: 0.41

rf_pred

Accuracy: 0.75

Macro Precision: 0.63
Macro Recall: 0.75
Macro F1-score: 0.66

semi

Accuracy: 0.56

Macro Precision: 0.32
Macro Recall: 0.31
Macro F1-score: 0.30

wk_2_test update done
/home/ycliu/anaconda3/envs/spam/lib/python3.7/site-packages/joblib/_multiprocessing_helpers.py:45: UserWarning: [Errno 13] Permission denied.  joblib will operate in serial mode
  warnings.warn('%s.  joblib will operate in serial mode' % (e,))
/home/ycliu/anaconda3/envs/spam/lib/python3.7/site-packages/sklearn/semi_supervised/_label_propagation.py:205: RuntimeWarning: invalid value encountered in true_divide
  probabilities /= normalizer
Runing time is (mins): 0.05
Runing time is (mins): 0.05
(2480,)
(2480,)
Time:(min)  0.37253114211683475
/home/ycliu/anaconda3/envs/spam/lib/python3.7/site-packages/joblib/_multiprocessing_helpers.py:45: UserWarning: [Errno 13] Permission denied.  joblib will operate in serial mode
  warnings.warn('%s.  joblib will operate in serial mode' % (e,))
(618, 8)
(2480, 8)
Label Model Accuracy:     59.6%
SNO

Accuracy: 0.60

Macro Precision: 0.52
Macro Recall: 0.46
Macro F1-score: 0.48

Maj

Accuracy: 0.67

Macro Precision: 0.41
Macro Recall: 0.60
Macro F1-score: 0.41

rf_pred

Accuracy: 0.75

Macro Precision: 0.64
Macro Recall: 0.74
Macro F1-score: 0.66

semi

Accuracy: 0.56

Macro Precision: 0.33
Macro Recall: 0.33
Macro F1-score: 0.31

wk_2_test update done
/home/ycliu/anaconda3/envs/spam/lib/python3.7/site-packages/joblib/_multiprocessing_helpers.py:45: UserWarning: [Errno 13] Permission denied.  joblib will operate in serial mode
  warnings.warn('%s.  joblib will operate in serial mode' % (e,))
/home/ycliu/anaconda3/envs/spam/lib/python3.7/site-packages/sklearn/semi_supervised/_label_propagation.py:205: RuntimeWarning: invalid value encountered in true_divide
  probabilities /= normalizer
Runing time is (mins): 0.05
Runing time is (mins): 0.05
(2480,)
(2480,)
Time:(min)  0.3767293505157189
/home/ycliu/anaconda3/envs/spam/lib/python3.7/site-packages/joblib/_multiprocessing_helpers.py:45: UserWarning: [Errno 13] Permission denied.  joblib will operate in serial mode
  warnings.warn('%s.  joblib will operate in serial mode' % (e,))
(618, 8)
(2480, 8)
Label Model Accuracy:     43.0%
SNO

Accuracy: 0.43

Macro Precision: 0.31
Macro Recall: 0.39
Macro F1-score: 0.33

Maj

Accuracy: 0.67

Macro Precision: 0.42
Macro Recall: 0.62
Macro F1-score: 0.42

rf_pred

Accuracy: 0.76

Macro Precision: 0.66
Macro Recall: 0.75
Macro F1-score: 0.68

semi

Accuracy: 0.58

Macro Precision: 0.35
Macro Recall: 0.36
Macro F1-score: 0.33

wk_2_test update done
/home/ycliu/anaconda3/envs/spam/lib/python3.7/site-packages/joblib/_multiprocessing_helpers.py:45: UserWarning: [Errno 13] Permission denied.  joblib will operate in serial mode
  warnings.warn('%s.  joblib will operate in serial mode' % (e,))
/home/ycliu/anaconda3/envs/spam/lib/python3.7/site-packages/sklearn/semi_supervised/_label_propagation.py:205: RuntimeWarning: invalid value encountered in true_divide
  probabilities /= normalizer
Runing time is (mins): 0.05
Runing time is (mins): 0.05
(2480,)
(2480,)
Time:(min)  0.3888236393841604
/home/ycliu/anaconda3/envs/spam/lib/python3.7/site-packages/joblib/_multiprocessing_helpers.py:45: UserWarning: [Errno 13] Permission denied.  joblib will operate in serial mode
  warnings.warn('%s.  joblib will operate in serial mode' % (e,))
(618, 8)
(2480, 8)
Label Model Accuracy:     53.1%
SNO

Accuracy: 0.53

Macro Precision: 0.35
Macro Recall: 0.38
Macro F1-score: 0.36

Maj

Accuracy: 0.67

Macro Precision: 0.42
Macro Recall: 0.61
Macro F1-score: 0.41

rf_pred

Accuracy: 0.74

Macro Precision: 0.62
Macro Recall: 0.71
Macro F1-score: 0.64

semi

Accuracy: 0.57

Macro Precision: 0.33
Macro Recall: 0.34
Macro F1-score: 0.31

wk_2_test update done
/home/ycliu/anaconda3/envs/spam/lib/python3.7/site-packages/joblib/_multiprocessing_helpers.py:45: UserWarning: [Errno 13] Permission denied.  joblib will operate in serial mode
  warnings.warn('%s.  joblib will operate in serial mode' % (e,))
/home/ycliu/anaconda3/envs/spam/lib/python3.7/site-packages/sklearn/semi_supervised/_label_propagation.py:205: RuntimeWarning: invalid value encountered in true_divide
  probabilities /= normalizer
Runing time is (mins): 0.05
Runing time is (mins): 0.05
(2480,)
(2480,)
Time:(min)  0.37056918103286685
/home/ycliu/anaconda3/envs/spam/lib/python3.7/site-packages/joblib/_multiprocessing_helpers.py:45: UserWarning: [Errno 13] Permission denied.  joblib will operate in serial mode
  warnings.warn('%s.  joblib will operate in serial mode' % (e,))
(618, 8)
(2480, 8)
Label Model Accuracy:     50.5%
SNO

Accuracy: 0.51

Macro Precision: 0.36
Macro Recall: 0.40
Macro F1-score: 0.37

Maj

Accuracy: 0.67

Macro Precision: 0.41
Macro Recall: 0.59
Macro F1-score: 0.40

rf_pred

Accuracy: 0.71

Macro Precision: 0.63
Macro Recall: 0.68
Macro F1-score: 0.65

semi

Accuracy: 0.56

Macro Precision: 0.32
Macro Recall: 0.31
Macro F1-score: 0.30

wk_2_test update done
Runing time is mins: 4.68
