/home/ycliu/anaconda3/envs/spam/lib/python3.7/site-packages/joblib/_multiprocessing_helpers.py:45: UserWarning: [Errno 13] Permission denied.  joblib will operate in serial mode
  warnings.warn('%s.  joblib will operate in serial mode' % (e,))
/home/ycliu/anaconda3/envs/spam/lib/python3.7/site-packages/sklearn/semi_supervised/_label_propagation.py:205: RuntimeWarning: invalid value encountered in true_divide
  probabilities /= normalizer
Runing time is (mins): 0.03
Runing time is (mins): 0.03
(2790,)
(2790,)
Time:(min)  0.34556669399995976
/home/ycliu/anaconda3/envs/spam/lib/python3.7/site-packages/joblib/_multiprocessing_helpers.py:45: UserWarning: [Errno 13] Permission denied.  joblib will operate in serial mode
  warnings.warn('%s.  joblib will operate in serial mode' % (e,))
(308, 8)
(2790, 8)
Label Model Accuracy:     55.0%
SNO

Accuracy: 0.55

Macro Precision: 0.39
Macro Recall: 0.40
Macro F1-score: 0.39

Maj

Accuracy: 0.67

Macro Precision: 0.42
Macro Recall: 0.60
Macro F1-score: 0.41

rf_pred

Accuracy: 0.73

Macro Precision: 0.63
Macro Recall: 0.69
Macro F1-score: 0.63

semi

Accuracy: 0.58

Macro Precision: 0.35
Macro Recall: 0.36
Macro F1-score: 0.34

wk_2_test update done
/home/ycliu/anaconda3/envs/spam/lib/python3.7/site-packages/joblib/_multiprocessing_helpers.py:45: UserWarning: [Errno 13] Permission denied.  joblib will operate in serial mode
  warnings.warn('%s.  joblib will operate in serial mode' % (e,))
/home/ycliu/anaconda3/envs/spam/lib/python3.7/site-packages/sklearn/semi_supervised/_label_propagation.py:205: RuntimeWarning: invalid value encountered in true_divide
  probabilities /= normalizer
Runing time is (mins): 0.03
Runing time is (mins): 0.03
(2790,)
(2790,)
Time:(min)  0.32719164036680015
/home/ycliu/anaconda3/envs/spam/lib/python3.7/site-packages/joblib/_multiprocessing_helpers.py:45: UserWarning: [Errno 13] Permission denied.  joblib will operate in serial mode
  warnings.warn('%s.  joblib will operate in serial mode' % (e,))
(308, 8)
(2790, 8)
Label Model Accuracy:     55.5%
SNO

Accuracy: 0.56

Macro Precision: 0.37
Macro Recall: 0.39
Macro F1-score: 0.37

Maj

Accuracy: 0.67

Macro Precision: 0.41
Macro Recall: 0.60
Macro F1-score: 0.40

rf_pred

Accuracy: 0.74

Macro Precision: 0.62
Macro Recall: 0.72
Macro F1-score: 0.65

semi

Accuracy: 0.60

Macro Precision: 0.36
Macro Recall: 0.40
Macro F1-score: 0.32

wk_2_test update done
/home/ycliu/anaconda3/envs/spam/lib/python3.7/site-packages/joblib/_multiprocessing_helpers.py:45: UserWarning: [Errno 13] Permission denied.  joblib will operate in serial mode
  warnings.warn('%s.  joblib will operate in serial mode' % (e,))
/home/ycliu/anaconda3/envs/spam/lib/python3.7/site-packages/sklearn/semi_supervised/_label_propagation.py:205: RuntimeWarning: invalid value encountered in true_divide
  probabilities /= normalizer
Runing time is (mins): 0.03
Runing time is (mins): 0.03
(2790,)
(2790,)
Time:(min)  0.3591688652833303
/home/ycliu/anaconda3/envs/spam/lib/python3.7/site-packages/joblib/_multiprocessing_helpers.py:45: UserWarning: [Errno 13] Permission denied.  joblib will operate in serial mode
  warnings.warn('%s.  joblib will operate in serial mode' % (e,))
(308, 8)
(2790, 8)
Label Model Accuracy:     52.4%
SNO

Accuracy: 0.52

Macro Precision: 0.49
Macro Recall: 0.42
Macro F1-score: 0.42

Maj

Accuracy: 0.66

Macro Precision: 0.39
Macro Recall: 0.55
Macro F1-score: 0.37

rf_pred

Accuracy: 0.69

Macro Precision: 0.55
Macro Recall: 0.63
Macro F1-score: 0.57

semi

Accuracy: 0.58

Macro Precision: 0.35
Macro Recall: 0.36
Macro F1-score: 0.32

wk_2_test update done
/home/ycliu/anaconda3/envs/spam/lib/python3.7/site-packages/joblib/_multiprocessing_helpers.py:45: UserWarning: [Errno 13] Permission denied.  joblib will operate in serial mode
  warnings.warn('%s.  joblib will operate in serial mode' % (e,))
/home/ycliu/anaconda3/envs/spam/lib/python3.7/site-packages/sklearn/semi_supervised/_label_propagation.py:205: RuntimeWarning: invalid value encountered in true_divide
  probabilities /= normalizer
Runing time is (mins): 0.03
Runing time is (mins): 0.03
(2790,)
(2790,)
Time:(min)  0.41856187221516544
/home/ycliu/anaconda3/envs/spam/lib/python3.7/site-packages/joblib/_multiprocessing_helpers.py:45: UserWarning: [Errno 13] Permission denied.  joblib will operate in serial mode
  warnings.warn('%s.  joblib will operate in serial mode' % (e,))
(308, 8)
(2790, 8)
Label Model Accuracy:     41.2%
SNO

Accuracy: 0.41

Macro Precision: 0.28
Macro Recall: 0.32
Macro F1-score: 0.29

Maj

Accuracy: 0.66

Macro Precision: 0.41
Macro Recall: 0.58
Macro F1-score: 0.40

rf_pred

Accuracy: 0.72

Macro Precision: 0.58
Macro Recall: 0.69
Macro F1-score: 0.61

semi

Accuracy: 0.57

Macro Precision: 0.36
Macro Recall: 0.37
Macro F1-score: 0.35

wk_2_test update done
/home/ycliu/anaconda3/envs/spam/lib/python3.7/site-packages/joblib/_multiprocessing_helpers.py:45: UserWarning: [Errno 13] Permission denied.  joblib will operate in serial mode
  warnings.warn('%s.  joblib will operate in serial mode' % (e,))
/home/ycliu/anaconda3/envs/spam/lib/python3.7/site-packages/sklearn/semi_supervised/_label_propagation.py:205: RuntimeWarning: invalid value encountered in true_divide
  probabilities /= normalizer
Runing time is (mins): 0.03
Runing time is (mins): 0.03
(2790,)
(2790,)
Time:(min)  0.2905106298159808
/home/ycliu/anaconda3/envs/spam/lib/python3.7/site-packages/joblib/_multiprocessing_helpers.py:45: UserWarning: [Errno 13] Permission denied.  joblib will operate in serial mode
  warnings.warn('%s.  joblib will operate in serial mode' % (e,))
(308, 8)
(2790, 8)
Label Model Accuracy:     12.5%
SNO

Accuracy: 0.12

Macro Precision: 0.20
Macro Recall: 0.18
Macro F1-score: 0.13

Maj

Accuracy: 0.66

Macro Precision: 0.41
Macro Recall: 0.56
Macro F1-score: 0.39

rf_pred

Accuracy: 0.72

Macro Precision: 0.60
Macro Recall: 0.67
Macro F1-score: 0.61

semi

Accuracy: 0.61

Macro Precision: 0.35
Macro Recall: 0.36
Macro F1-score: 0.31

wk_2_test update done
/home/ycliu/anaconda3/envs/spam/lib/python3.7/site-packages/joblib/_multiprocessing_helpers.py:45: UserWarning: [Errno 13] Permission denied.  joblib will operate in serial mode
  warnings.warn('%s.  joblib will operate in serial mode' % (e,))
/home/ycliu/anaconda3/envs/spam/lib/python3.7/site-packages/sklearn/semi_supervised/_label_propagation.py:205: RuntimeWarning: invalid value encountered in true_divide
  probabilities /= normalizer
Runing time is (mins): 0.03
Runing time is (mins): 0.03
(2790,)
(2790,)
Time:(min)  0.35864398656606983
/home/ycliu/anaconda3/envs/spam/lib/python3.7/site-packages/joblib/_multiprocessing_helpers.py:45: UserWarning: [Errno 13] Permission denied.  joblib will operate in serial mode
  warnings.warn('%s.  joblib will operate in serial mode' % (e,))
(308, 8)
(2790, 8)
Label Model Accuracy:     54.1%
SNO

Accuracy: 0.54

Macro Precision: 0.49
Macro Recall: 0.43
Macro F1-score: 0.42

Maj

Accuracy: 0.66

Macro Precision: 0.40
Macro Recall: 0.56
Macro F1-score: 0.39

rf_pred

Accuracy: 0.71

Macro Precision: 0.57
Macro Recall: 0.67
Macro F1-score: 0.60

semi

Accuracy: 0.56

Macro Precision: 0.33
Macro Recall: 0.32
Macro F1-score: 0.31

wk_2_test update done
/home/ycliu/anaconda3/envs/spam/lib/python3.7/site-packages/joblib/_multiprocessing_helpers.py:45: UserWarning: [Errno 13] Permission denied.  joblib will operate in serial mode
  warnings.warn('%s.  joblib will operate in serial mode' % (e,))
/home/ycliu/anaconda3/envs/spam/lib/python3.7/site-packages/sklearn/semi_supervised/_label_propagation.py:205: RuntimeWarning: invalid value encountered in true_divide
  probabilities /= normalizer
Runing time is (mins): 0.03
Runing time is (mins): 0.03
(2790,)
(2790,)
Time:(min)  0.3515609914669767
/home/ycliu/anaconda3/envs/spam/lib/python3.7/site-packages/joblib/_multiprocessing_helpers.py:45: UserWarning: [Errno 13] Permission denied.  joblib will operate in serial mode
  warnings.warn('%s.  joblib will operate in serial mode' % (e,))
(308, 8)
(2790, 8)
Label Model Accuracy:     42.6%
SNO

Accuracy: 0.43

Macro Precision: 0.28
Macro Recall: 0.33
Macro F1-score: 0.29

Maj

Accuracy: 0.66

Macro Precision: 0.39
Macro Recall: 0.54
Macro F1-score: 0.38

rf_pred

Accuracy: 0.71

Macro Precision: 0.58
Macro Recall: 0.66
Macro F1-score: 0.60

semi

Accuracy: 0.56

Macro Precision: 0.36
Macro Recall: 0.36
Macro F1-score: 0.34

wk_2_test update done
/home/ycliu/anaconda3/envs/spam/lib/python3.7/site-packages/joblib/_multiprocessing_helpers.py:45: UserWarning: [Errno 13] Permission denied.  joblib will operate in serial mode
  warnings.warn('%s.  joblib will operate in serial mode' % (e,))
/home/ycliu/anaconda3/envs/spam/lib/python3.7/site-packages/sklearn/semi_supervised/_label_propagation.py:205: RuntimeWarning: invalid value encountered in true_divide
  probabilities /= normalizer
Runing time is (mins): 0.03
Runing time is (mins): 0.03
(2790,)
(2790,)
Time:(min)  0.31593595841744293
/home/ycliu/anaconda3/envs/spam/lib/python3.7/site-packages/joblib/_multiprocessing_helpers.py:45: UserWarning: [Errno 13] Permission denied.  joblib will operate in serial mode
  warnings.warn('%s.  joblib will operate in serial mode' % (e,))
(308, 8)
(2790, 8)
Label Model Accuracy:     54.9%
SNO

Accuracy: 0.55

Macro Precision: 0.49
Macro Recall: 0.43
Macro F1-score: 0.43

Maj

Accuracy: 0.67

Macro Precision: 0.41
Macro Recall: 0.62
Macro F1-score: 0.40

rf_pred

Accuracy: 0.74

Macro Precision: 0.63
Macro Recall: 0.72
Macro F1-score: 0.64

semi

Accuracy: 0.60

Macro Precision: 0.35
Macro Recall: 0.40
Macro F1-score: 0.32

wk_2_test update done
/home/ycliu/anaconda3/envs/spam/lib/python3.7/site-packages/joblib/_multiprocessing_helpers.py:45: UserWarning: [Errno 13] Permission denied.  joblib will operate in serial mode
  warnings.warn('%s.  joblib will operate in serial mode' % (e,))
/home/ycliu/anaconda3/envs/spam/lib/python3.7/site-packages/sklearn/semi_supervised/_label_propagation.py:205: RuntimeWarning: invalid value encountered in true_divide
  probabilities /= normalizer
Runing time is (mins): 0.03
Runing time is (mins): 0.03
(2790,)
(2790,)
Time:(min)  0.3132057318502727
/home/ycliu/anaconda3/envs/spam/lib/python3.7/site-packages/joblib/_multiprocessing_helpers.py:45: UserWarning: [Errno 13] Permission denied.  joblib will operate in serial mode
  warnings.warn('%s.  joblib will operate in serial mode' % (e,))
(308, 8)
(2790, 8)
Label Model Accuracy:     53.4%
SNO

Accuracy: 0.53

Macro Precision: 0.49
Macro Recall: 0.42
Macro F1-score: 0.42

Maj

Accuracy: 0.67

Macro Precision: 0.42
Macro Recall: 0.61
Macro F1-score: 0.40

rf_pred

Accuracy: 0.74

Macro Precision: 0.61
Macro Recall: 0.71
Macro F1-score: 0.63

semi

Accuracy: 0.57

Macro Precision: 0.34
Macro Recall: 0.34
Macro F1-score: 0.32

wk_2_test update done
/home/ycliu/anaconda3/envs/spam/lib/python3.7/site-packages/joblib/_multiprocessing_helpers.py:45: UserWarning: [Errno 13] Permission denied.  joblib will operate in serial mode
  warnings.warn('%s.  joblib will operate in serial mode' % (e,))
/home/ycliu/anaconda3/envs/spam/lib/python3.7/site-packages/sklearn/semi_supervised/_label_propagation.py:205: RuntimeWarning: invalid value encountered in true_divide
  probabilities /= normalizer
Runing time is (mins): 0.03
Runing time is (mins): 0.03
(2790,)
(2790,)
Time:(min)  0.27334076168287236
/home/ycliu/anaconda3/envs/spam/lib/python3.7/site-packages/joblib/_multiprocessing_helpers.py:45: UserWarning: [Errno 13] Permission denied.  joblib will operate in serial mode
  warnings.warn('%s.  joblib will operate in serial mode' % (e,))
(308, 8)
(2790, 8)
Label Model Accuracy:     45.7%
SNO

Accuracy: 0.46

Macro Precision: 0.30
Macro Recall: 0.36
Macro F1-score: 0.32

Maj

Accuracy: 0.67

Macro Precision: 0.41
Macro Recall: 0.60
Macro F1-score: 0.40

rf_pred

Accuracy: 0.72

Macro Precision: 0.60
Macro Recall: 0.70
Macro F1-score: 0.62

semi

Accuracy: 0.58

Macro Precision: 0.33
Macro Recall: 0.34
Macro F1-score: 0.30

wk_2_test update done
Runing time is mins: 4.33
