/home/ycliu/anaconda3/envs/spam/lib/python3.7/site-packages/joblib/_multiprocessing_helpers.py:45: UserWarning: [Errno 13] Permission denied.  joblib will operate in serial mode
  warnings.warn('%s.  joblib will operate in serial mode' % (e,))
/home/ycliu/anaconda3/envs/spam/lib/python3.7/site-packages/sklearn/semi_supervised/_label_propagation.py:205: RuntimeWarning: invalid value encountered in true_divide
  probabilities /= normalizer
Runing time is (mins): 0.02
Runing time is (mins): 0.02
(2944,)
(2944,)
Time:(min)  0.24381935996740747
/home/ycliu/anaconda3/envs/spam/lib/python3.7/site-packages/joblib/_multiprocessing_helpers.py:45: UserWarning: [Errno 13] Permission denied.  joblib will operate in serial mode
  warnings.warn('%s.  joblib will operate in serial mode' % (e,))
(154, 8)
(2944, 8)
Label Model Accuracy:     50.0%
SNO

Accuracy: 0.50

Macro Precision: 0.45
Macro Recall: 0.40
Macro F1-score: 0.39

Maj

Accuracy: 0.66

Macro Precision: 0.40
Macro Recall: 0.62
Macro F1-score: 0.38

rf_pred

Accuracy: 0.68

Macro Precision: 0.55
Macro Recall: 0.60
Macro F1-score: 0.55

semi

Accuracy: 0.59

Macro Precision: 0.35
Macro Recall: 0.36
Macro F1-score: 0.33

wk_2_test update done
/home/ycliu/anaconda3/envs/spam/lib/python3.7/site-packages/joblib/_multiprocessing_helpers.py:45: UserWarning: [Errno 13] Permission denied.  joblib will operate in serial mode
  warnings.warn('%s.  joblib will operate in serial mode' % (e,))
/home/ycliu/anaconda3/envs/spam/lib/python3.7/site-packages/sklearn/semi_supervised/_label_propagation.py:205: RuntimeWarning: invalid value encountered in true_divide
  probabilities /= normalizer
Runing time is (mins): 0.02
Runing time is (mins): 0.02
(2944,)
(2944,)
Time:(min)  0.26722616123345994
/home/ycliu/anaconda3/envs/spam/lib/python3.7/site-packages/joblib/_multiprocessing_helpers.py:45: UserWarning: [Errno 13] Permission denied.  joblib will operate in serial mode
  warnings.warn('%s.  joblib will operate in serial mode' % (e,))
(154, 8)
(2944, 8)
Label Model Accuracy:     24.1%
SNO

Accuracy: 0.24

Macro Precision: 0.20
Macro Recall: 0.29
Macro F1-score: 0.21

Maj

Accuracy: 0.65

Macro Precision: 0.40
Macro Recall: 0.51
Macro F1-score: 0.38

rf_pred

Accuracy: 0.68

Macro Precision: 0.59
Macro Recall: 0.60
Macro F1-score: 0.58

semi

Accuracy: 0.58

Macro Precision: 0.34
Macro Recall: 0.34
Macro F1-score: 0.30

wk_2_test update done
/home/ycliu/anaconda3/envs/spam/lib/python3.7/site-packages/joblib/_multiprocessing_helpers.py:45: UserWarning: [Errno 13] Permission denied.  joblib will operate in serial mode
  warnings.warn('%s.  joblib will operate in serial mode' % (e,))
/home/ycliu/anaconda3/envs/spam/lib/python3.7/site-packages/sklearn/semi_supervised/_label_propagation.py:205: RuntimeWarning: invalid value encountered in true_divide
  probabilities /= normalizer
Runing time is (mins): 0.02
Runing time is (mins): 0.02
(2944,)
(2944,)
Time:(min)  0.3015979380346835
/home/ycliu/anaconda3/envs/spam/lib/python3.7/site-packages/joblib/_multiprocessing_helpers.py:45: UserWarning: [Errno 13] Permission denied.  joblib will operate in serial mode
  warnings.warn('%s.  joblib will operate in serial mode' % (e,))
(154, 8)
(2944, 8)
Label Model Accuracy:     54.6%
SNO

Accuracy: 0.55

Macro Precision: 0.48
Macro Recall: 0.43
Macro F1-score: 0.45

Maj

Accuracy: 0.66

Macro Precision: 0.40
Macro Recall: 0.56
Macro F1-score: 0.39

rf_pred

Accuracy: 0.66

Macro Precision: 0.54
Macro Recall: 0.60
Macro F1-score: 0.56

semi

Accuracy: 0.61

Macro Precision: 0.35
Macro Recall: 0.36
Macro F1-score: 0.32

wk_2_test update done
/home/ycliu/anaconda3/envs/spam/lib/python3.7/site-packages/joblib/_multiprocessing_helpers.py:45: UserWarning: [Errno 13] Permission denied.  joblib will operate in serial mode
  warnings.warn('%s.  joblib will operate in serial mode' % (e,))
/home/ycliu/anaconda3/envs/spam/lib/python3.7/site-packages/sklearn/semi_supervised/_label_propagation.py:205: RuntimeWarning: invalid value encountered in true_divide
  probabilities /= normalizer
Runing time is (mins): 0.02
Runing time is (mins): 0.02
(2944,)
(2944,)
Time:(min)  0.24815627291682177
/home/ycliu/anaconda3/envs/spam/lib/python3.7/site-packages/joblib/_multiprocessing_helpers.py:45: UserWarning: [Errno 13] Permission denied.  joblib will operate in serial mode
  warnings.warn('%s.  joblib will operate in serial mode' % (e,))
(154, 8)
(2944, 8)
Label Model Accuracy:     49.2%
SNO

Accuracy: 0.49

Macro Precision: 0.35
Macro Recall: 0.37
Macro F1-score: 0.35

Maj

Accuracy: 0.65

Macro Precision: 0.38
Macro Recall: 0.53
Macro F1-score: 0.36

rf_pred

Accuracy: 0.70

Macro Precision: 0.57
Macro Recall: 0.64
Macro F1-score: 0.59

semi

Accuracy: 0.60

Macro Precision: 0.34
Macro Recall: 0.32
Macro F1-score: 0.30

wk_2_test update done
/home/ycliu/anaconda3/envs/spam/lib/python3.7/site-packages/joblib/_multiprocessing_helpers.py:45: UserWarning: [Errno 13] Permission denied.  joblib will operate in serial mode
  warnings.warn('%s.  joblib will operate in serial mode' % (e,))
/home/ycliu/anaconda3/envs/spam/lib/python3.7/site-packages/sklearn/semi_supervised/_label_propagation.py:205: RuntimeWarning: invalid value encountered in true_divide
  probabilities /= normalizer
Runing time is (mins): 0.02
Runing time is (mins): 0.02
(2944,)
(2944,)
Time:(min)  0.24820561666662494
/home/ycliu/anaconda3/envs/spam/lib/python3.7/site-packages/joblib/_multiprocessing_helpers.py:45: UserWarning: [Errno 13] Permission denied.  joblib will operate in serial mode
  warnings.warn('%s.  joblib will operate in serial mode' % (e,))
(154, 8)
(2944, 8)
Label Model Accuracy:     49.6%
SNO

Accuracy: 0.50

Macro Precision: 0.33
Macro Recall: 0.35
Macro F1-score: 0.33

Maj

Accuracy: 0.65

Macro Precision: 0.39
Macro Recall: 0.51
Macro F1-score: 0.37

rf_pred

Accuracy: 0.68

Macro Precision: 0.54
Macro Recall: 0.61
Macro F1-score: 0.55

semi

Accuracy: 0.59

Macro Precision: 0.34
Macro Recall: 0.35
Macro F1-score: 0.31

wk_2_test update done
/home/ycliu/anaconda3/envs/spam/lib/python3.7/site-packages/joblib/_multiprocessing_helpers.py:45: UserWarning: [Errno 13] Permission denied.  joblib will operate in serial mode
  warnings.warn('%s.  joblib will operate in serial mode' % (e,))
/home/ycliu/anaconda3/envs/spam/lib/python3.7/site-packages/sklearn/semi_supervised/_label_propagation.py:205: RuntimeWarning: invalid value encountered in true_divide
  probabilities /= normalizer
Runing time is (mins): 0.02
Runing time is (mins): 0.02
(2944,)
(2944,)
Time:(min)  0.2978557849826757
/home/ycliu/anaconda3/envs/spam/lib/python3.7/site-packages/joblib/_multiprocessing_helpers.py:45: UserWarning: [Errno 13] Permission denied.  joblib will operate in serial mode
  warnings.warn('%s.  joblib will operate in serial mode' % (e,))
(154, 8)
(2944, 8)
Label Model Accuracy:     46.3%
SNO

Accuracy: 0.46

Macro Precision: 0.30
Macro Recall: 0.34
Macro F1-score: 0.31

Maj

Accuracy: 0.65

Macro Precision: 0.39
Macro Recall: 0.55
Macro F1-score: 0.37

rf_pred

Accuracy: 0.69

Macro Precision: 0.54
Macro Recall: 0.65
Macro F1-score: 0.56

semi

Accuracy: 0.59

Macro Precision: 0.34
Macro Recall: 0.35
Macro F1-score: 0.32

wk_2_test update done
/home/ycliu/anaconda3/envs/spam/lib/python3.7/site-packages/joblib/_multiprocessing_helpers.py:45: UserWarning: [Errno 13] Permission denied.  joblib will operate in serial mode
  warnings.warn('%s.  joblib will operate in serial mode' % (e,))
/home/ycliu/anaconda3/envs/spam/lib/python3.7/site-packages/sklearn/semi_supervised/_label_propagation.py:205: RuntimeWarning: invalid value encountered in true_divide
  probabilities /= normalizer
Runing time is (mins): 0.02
Runing time is (mins): 0.02
(2944,)
(2944,)
Time:(min)  0.23088059398384456
/home/ycliu/anaconda3/envs/spam/lib/python3.7/site-packages/joblib/_multiprocessing_helpers.py:45: UserWarning: [Errno 13] Permission denied.  joblib will operate in serial mode
  warnings.warn('%s.  joblib will operate in serial mode' % (e,))
(154, 8)
(2944, 8)
Label Model Accuracy:     56.6%
SNO

Accuracy: 0.57

Macro Precision: 0.46
Macro Recall: 0.44
Macro F1-score: 0.45

Maj

Accuracy: 0.65

Macro Precision: 0.39
Macro Recall: 0.49
Macro F1-score: 0.36

rf_pred

Accuracy: 0.66

Macro Precision: 0.51
Macro Recall: 0.54
Macro F1-score: 0.52

semi

Accuracy: 0.62

Macro Precision: 0.34
Macro Recall: 0.36
Macro F1-score: 0.31

wk_2_test update done
/home/ycliu/anaconda3/envs/spam/lib/python3.7/site-packages/joblib/_multiprocessing_helpers.py:45: UserWarning: [Errno 13] Permission denied.  joblib will operate in serial mode
  warnings.warn('%s.  joblib will operate in serial mode' % (e,))
/home/ycliu/anaconda3/envs/spam/lib/python3.7/site-packages/sklearn/semi_supervised/_label_propagation.py:205: RuntimeWarning: invalid value encountered in true_divide
  probabilities /= normalizer
Runing time is (mins): 0.02
Runing time is (mins): 0.02
(2944,)
(2944,)
Time:(min)  0.26989936553291044
/home/ycliu/anaconda3/envs/spam/lib/python3.7/site-packages/joblib/_multiprocessing_helpers.py:45: UserWarning: [Errno 13] Permission denied.  joblib will operate in serial mode
  warnings.warn('%s.  joblib will operate in serial mode' % (e,))
(154, 8)
(2944, 8)
Label Model Accuracy:     50.8%
SNO

Accuracy: 0.51

Macro Precision: 0.45
Macro Recall: 0.40
Macro F1-score: 0.39

Maj

Accuracy: 0.66

Macro Precision: 0.39
Macro Recall: 0.55
Macro F1-score: 0.37

rf_pred

Accuracy: 0.70

Macro Precision: 0.51
Macro Recall: 0.67
Macro F1-score: 0.54

semi

Accuracy: 0.57

Macro Precision: 0.35
Macro Recall: 0.35
Macro F1-score: 0.33

wk_2_test update done
/home/ycliu/anaconda3/envs/spam/lib/python3.7/site-packages/joblib/_multiprocessing_helpers.py:45: UserWarning: [Errno 13] Permission denied.  joblib will operate in serial mode
  warnings.warn('%s.  joblib will operate in serial mode' % (e,))
/home/ycliu/anaconda3/envs/spam/lib/python3.7/site-packages/sklearn/semi_supervised/_label_propagation.py:205: RuntimeWarning: invalid value encountered in true_divide
  probabilities /= normalizer
Runing time is (mins): 0.02
Runing time is (mins): 0.02
(2944,)
(2944,)
Time:(min)  0.2441606871667318
/home/ycliu/anaconda3/envs/spam/lib/python3.7/site-packages/joblib/_multiprocessing_helpers.py:45: UserWarning: [Errno 13] Permission denied.  joblib will operate in serial mode
  warnings.warn('%s.  joblib will operate in serial mode' % (e,))
(154, 8)
(2944, 8)
Label Model Accuracy:     58.4%
SNO

Accuracy: 0.58

Macro Precision: 0.50
Macro Recall: 0.47
Macro F1-score: 0.48

Maj

Accuracy: 0.66

Macro Precision: 0.39
Macro Recall: 0.57
Macro F1-score: 0.37

rf_pred

Accuracy: 0.69

Macro Precision: 0.54
Macro Recall: 0.61
Macro F1-score: 0.56

semi

Accuracy: 0.61

Macro Precision: 0.35
Macro Recall: 0.37
Macro F1-score: 0.32

wk_2_test update done
/home/ycliu/anaconda3/envs/spam/lib/python3.7/site-packages/joblib/_multiprocessing_helpers.py:45: UserWarning: [Errno 13] Permission denied.  joblib will operate in serial mode
  warnings.warn('%s.  joblib will operate in serial mode' % (e,))
/home/ycliu/anaconda3/envs/spam/lib/python3.7/site-packages/sklearn/semi_supervised/_label_propagation.py:205: RuntimeWarning: invalid value encountered in true_divide
  probabilities /= normalizer
Runing time is (mins): 0.02
Runing time is (mins): 0.02
(2944,)
(2944,)
Time:(min)  0.2792743740331692
/home/ycliu/anaconda3/envs/spam/lib/python3.7/site-packages/joblib/_multiprocessing_helpers.py:45: UserWarning: [Errno 13] Permission denied.  joblib will operate in serial mode
  warnings.warn('%s.  joblib will operate in serial mode' % (e,))
(154, 8)
(2944, 8)
Label Model Accuracy:     50.5%
SNO

Accuracy: 0.51

Macro Precision: 0.35
Macro Recall: 0.37
Macro F1-score: 0.35

Maj

Accuracy: 0.66

Macro Precision: 0.39
Macro Recall: 0.62
Macro F1-score: 0.38

rf_pred

Accuracy: 0.69

Macro Precision: 0.57
Macro Recall: 0.63
Macro F1-score: 0.59

semi

Accuracy: 0.55

Macro Precision: 0.34
Macro Recall: 0.35
Macro F1-score: 0.34

wk_2_test update done
Runing time is mins: 3.63
